<?xml version="1.0" encoding="UTF-8"?>
<!-- Generated by org.testng.reporters.JUnitReportReporter -->
<testsuite hostname="DESKTOP-3RAII5H" failures="0" tests="1" name="seleniumclasses.TestNg01" time="8.421" errors="0" timestamp="2022-09-06T10:13:53 GMT-05:00" skipped="0">
  <testcase classname="seleniumclasses.TestNg01" name="Googlesearch" time="8.421"/>
  <system-out/>
</testsuite> <!-- seleniumclasses.TestNg01 -->
