<?xml version="1.0" encoding="UTF-8"?>
<!-- Generated by org.testng.reporters.JUnitReportReporter -->
<testsuite hostname="DESKTOP-3RAII5H" failures="0" tests="1" name="seleniumclasses.TestNg02" time="20.492" errors="0" timestamp="2022-09-08T12:42:50 GMT-05:00" skipped="0">
  <testcase classname="seleniumclasses.TestNg02" name="googlesearch" time="20.492"/>
  <system-out/>
</testsuite> <!-- seleniumclasses.TestNg02 -->
